Traceback (most recent call last):
  File "C:\Users\User\anaconda3\lib\site-packages\jupyter_cache\executors\utils.py", line 51, in single_nb_execution
    executenb(
  File "C:\Users\User\anaconda3\lib\site-packages\nbclient\client.py", line 1204, in execute
    return NotebookClient(nb=nb, resources=resources, km=km, **kwargs).execute()
  File "C:\Users\User\anaconda3\lib\site-packages\nbclient\util.py", line 84, in wrapped
    return just_run(coro(*args, **kwargs))
  File "C:\Users\User\anaconda3\lib\site-packages\nbclient\util.py", line 62, in just_run
    return loop.run_until_complete(coro)
  File "C:\Users\User\anaconda3\lib\asyncio\base_events.py", line 616, in run_until_complete
    return future.result()
  File "C:\Users\User\anaconda3\lib\site-packages\nbclient\client.py", line 663, in async_execute
    await self.async_execute_cell(
  File "C:\Users\User\anaconda3\lib\site-packages\nbclient\client.py", line 965, in async_execute_cell
    await self._check_raise_for_error(cell, cell_index, exec_reply)
  File "C:\Users\User\anaconda3\lib\site-packages\nbclient\client.py", line 862, in _check_raise_for_error
    raise CellExecutionError.from_cell_and_msg(cell, exec_reply_content)
nbclient.exceptions.CellExecutionError: An error occurred while executing the following cell:
------------------
# We can read in the json data with pandas
pd.read_json(page.content, typ='series')
------------------

[1;31m---------------------------------------------------------------------------[0m
[1;31mTypeError[0m                                 Traceback (most recent call last)
Input [1;32mIn [4][0m, in [0;36m<cell line: 2>[1;34m()[0m
[0;32m      1[0m [38;5;66;03m# We can read in the json data with pandas[39;00m
[1;32m----> 2[0m [43mpd[49m[38;5;241;43m.[39;49m[43mread_json[49m[43m([49m[43mpage[49m[38;5;241;43m.[39;49m[43mcontent[49m[43m,[49m[43m [49m[43mtyp[49m[38;5;241;43m=[39;49m[38;5;124;43m'[39;49m[38;5;124;43mseries[39;49m[38;5;124;43m'[39;49m[43m)[49m

File [1;32m~\anaconda3\lib\site-packages\pandas\util\_decorators.py:207[0m, in [0;36mdeprecate_kwarg.<locals>._deprecate_kwarg.<locals>.wrapper[1;34m(*args, **kwargs)[0m
[0;32m    205[0m     [38;5;28;01melse[39;00m:
[0;32m    206[0m         kwargs[new_arg_name] [38;5;241m=[39m new_arg_value
[1;32m--> 207[0m [38;5;28;01mreturn[39;00m [43mfunc[49m[43m([49m[38;5;241;43m*[39;49m[43margs[49m[43m,[49m[43m [49m[38;5;241;43m*[39;49m[38;5;241;43m*[39;49m[43mkwargs[49m[43m)[49m

File [1;32m~\anaconda3\lib\site-packages\pandas\util\_decorators.py:311[0m, in [0;36mdeprecate_nonkeyword_arguments.<locals>.decorate.<locals>.wrapper[1;34m(*args, **kwargs)[0m
[0;32m    305[0m [38;5;28;01mif[39;00m [38;5;28mlen[39m(args) [38;5;241m>[39m num_allow_args:
[0;32m    306[0m     warnings[38;5;241m.[39mwarn(
[0;32m    307[0m         msg[38;5;241m.[39mformat(arguments[38;5;241m=[39marguments),
[0;32m    308[0m         [38;5;167;01mFutureWarning[39;00m,
[0;32m    309[0m         stacklevel[38;5;241m=[39mstacklevel,
[0;32m    310[0m     )
[1;32m--> 311[0m [38;5;28;01mreturn[39;00m [43mfunc[49m[43m([49m[38;5;241;43m*[39;49m[43margs[49m[43m,[49m[43m [49m[38;5;241;43m*[39;49m[38;5;241;43m*[39;49m[43mkwargs[49m[43m)[49m

File [1;32m~\anaconda3\lib\site-packages\pandas\io\json\_json.py:588[0m, in [0;36mread_json[1;34m(path_or_buf, orient, typ, dtype, convert_axes, convert_dates, keep_default_dates, numpy, precise_float, date_unit, encoding, encoding_errors, lines, chunksize, compression, nrows, storage_options)[0m
[0;32m    585[0m [38;5;28;01mif[39;00m convert_axes [38;5;129;01mis[39;00m [38;5;28;01mNone[39;00m [38;5;129;01mand[39;00m orient [38;5;241m!=[39m [38;5;124m"[39m[38;5;124mtable[39m[38;5;124m"[39m:
[0;32m    586[0m     convert_axes [38;5;241m=[39m [38;5;28;01mTrue[39;00m
[1;32m--> 588[0m json_reader [38;5;241m=[39m [43mJsonReader[49m[43m([49m
[0;32m    589[0m [43m    [49m[43mpath_or_buf[49m[43m,[49m
[0;32m    590[0m [43m    [49m[43morient[49m[38;5;241;43m=[39;49m[43morient[49m[43m,[49m
[0;32m    591[0m [43m    [49m[43mtyp[49m[38;5;241;43m=[39;49m[43mtyp[49m[43m,[49m
[0;32m    592[0m [43m    [49m[43mdtype[49m[38;5;241;43m=[39;49m[43mdtype[49m[43m,[49m
[0;32m    593[0m [43m    [49m[43mconvert_axes[49m[38;5;241;43m=[39;49m[43mconvert_axes[49m[43m,[49m
[0;32m    594[0m [43m    [49m[43mconvert_dates[49m[38;5;241;43m=[39;49m[43mconvert_dates[49m[43m,[49m
[0;32m    595[0m [43m    [49m[43mkeep_default_dates[49m[38;5;241;43m=[39;49m[43mkeep_default_dates[49m[43m,[49m
[0;32m    596[0m [43m    [49m[43mnumpy[49m[38;5;241;43m=[39;49m[43mnumpy[49m[43m,[49m
[0;32m    597[0m [43m    [49m[43mprecise_float[49m[38;5;241;43m=[39;49m[43mprecise_float[49m[43m,[49m
[0;32m    598[0m [43m    [49m[43mdate_unit[49m[38;5;241;43m=[39;49m[43mdate_unit[49m[43m,[49m
[0;32m    599[0m [43m    [49m[43mencoding[49m[38;5;241;43m=[39;49m[43mencoding[49m[43m,[49m
[0;32m    600[0m [43m    [49m[43mlines[49m[38;5;241;43m=[39;49m[43mlines[49m[43m,[49m
[0;32m    601[0m [43m    [49m[43mchunksize[49m[38;5;241;43m=[39;49m[43mchunksize[49m[43m,[49m
[0;32m    602[0m [43m    [49m[43mcompression[49m[38;5;241;43m=[39;49m[43mcompression[49m[43m,[49m
[0;32m    603[0m [43m    [49m[43mnrows[49m[38;5;241;43m=[39;49m[43mnrows[49m[43m,[49m
[0;32m    604[0m [43m    [49m[43mstorage_options[49m[38;5;241;43m=[39;49m[43mstorage_options[49m[43m,[49m
[0;32m    605[0m [43m    [49m[43mencoding_errors[49m[38;5;241;43m=[39;49m[43mencoding_errors[49m[43m,[49m
[0;32m    606[0m [43m[49m[43m)[49m
[0;32m    608[0m [38;5;28;01mif[39;00m chunksize:
[0;32m    609[0m     [38;5;28;01mreturn[39;00m json_reader

File [1;32m~\anaconda3\lib\site-packages\pandas\io\json\_json.py:673[0m, in [0;36mJsonReader.__init__[1;34m(self, filepath_or_buffer, orient, typ, dtype, convert_axes, convert_dates, keep_default_dates, numpy, precise_float, date_unit, encoding, lines, chunksize, compression, nrows, storage_options, encoding_errors)[0m
[0;32m    670[0m     [38;5;28;01mif[39;00m [38;5;129;01mnot[39;00m [38;5;28mself[39m[38;5;241m.[39mlines:
[0;32m    671[0m         [38;5;28;01mraise[39;00m [38;5;167;01mValueError[39;00m([38;5;124m"[39m[38;5;124mnrows can only be passed if lines=True[39m[38;5;124m"[39m)
[1;32m--> 673[0m data [38;5;241m=[39m [38;5;28;43mself[39;49m[38;5;241;43m.[39;49m[43m_get_data_from_filepath[49m[43m([49m[43mfilepath_or_buffer[49m[43m)[49m
[0;32m    674[0m [38;5;28mself[39m[38;5;241m.[39mdata [38;5;241m=[39m [38;5;28mself[39m[38;5;241m.[39m_preprocess_data(data)

File [1;32m~\anaconda3\lib\site-packages\pandas\io\json\_json.py:710[0m, in [0;36mJsonReader._get_data_from_filepath[1;34m(self, filepath_or_buffer)[0m
[0;32m    703[0m filepath_or_buffer [38;5;241m=[39m stringify_path(filepath_or_buffer)
[0;32m    704[0m [38;5;28;01mif[39;00m (
[0;32m    705[0m     [38;5;129;01mnot[39;00m [38;5;28misinstance[39m(filepath_or_buffer, [38;5;28mstr[39m)
[0;32m    706[0m     [38;5;129;01mor[39;00m is_url(filepath_or_buffer)
[0;32m    707[0m     [38;5;129;01mor[39;00m is_fsspec_url(filepath_or_buffer)
[0;32m    708[0m     [38;5;129;01mor[39;00m file_exists(filepath_or_buffer)
[0;32m    709[0m ):
[1;32m--> 710[0m     [38;5;28mself[39m[38;5;241m.[39mhandles [38;5;241m=[39m [43mget_handle[49m[43m([49m
[0;32m    711[0m [43m        [49m[43mfilepath_or_buffer[49m[43m,[49m
[0;32m    712[0m [43m        [49m[38;5;124;43m"[39;49m[38;5;124;43mr[39;49m[38;5;124;43m"[39;49m[43m,[49m
[0;32m    713[0m [43m        [49m[43mencoding[49m[38;5;241;43m=[39;49m[38;5;28;43mself[39;49m[38;5;241;43m.[39;49m[43mencoding[49m[43m,[49m
[0;32m    714[0m [43m        [49m[43mcompression[49m[38;5;241;43m=[39;49m[38;5;28;43mself[39;49m[38;5;241;43m.[39;49m[43mcompression[49m[43m,[49m
[0;32m    715[0m [43m        [49m[43mstorage_options[49m[38;5;241;43m=[39;49m[38;5;28;43mself[39;49m[38;5;241;43m.[39;49m[43mstorage_options[49m[43m,[49m
[0;32m    716[0m [43m        [49m[43merrors[49m[38;5;241;43m=[39;49m[38;5;28;43mself[39;49m[38;5;241;43m.[39;49m[43mencoding_errors[49m[43m,[49m
[0;32m    717[0m [43m    [49m[43m)[49m
[0;32m    718[0m     filepath_or_buffer [38;5;241m=[39m [38;5;28mself[39m[38;5;241m.[39mhandles[38;5;241m.[39mhandle
[0;32m    720[0m [38;5;28;01mreturn[39;00m filepath_or_buffer

File [1;32m~\anaconda3\lib\site-packages\pandas\io\common.py:823[0m, in [0;36mget_handle[1;34m(path_or_buf, mode, encoding, compression, memory_map, is_text, errors, storage_options)[0m
[0;32m    818[0m     is_wrapped [38;5;241m=[39m [38;5;129;01mnot[39;00m (
[0;32m    819[0m         [38;5;28misinstance[39m(ioargs[38;5;241m.[39mfilepath_or_buffer, [38;5;28mstr[39m) [38;5;129;01mor[39;00m ioargs[38;5;241m.[39mshould_close
[0;32m    820[0m     )
[0;32m    822[0m [38;5;28;01mif[39;00m [38;5;124m"[39m[38;5;124mr[39m[38;5;124m"[39m [38;5;129;01min[39;00m ioargs[38;5;241m.[39mmode [38;5;129;01mand[39;00m [38;5;129;01mnot[39;00m [38;5;28mhasattr[39m(handle, [38;5;124m"[39m[38;5;124mread[39m[38;5;124m"[39m):
[1;32m--> 823[0m     [38;5;28;01mraise[39;00m [38;5;167;01mTypeError[39;00m(
[0;32m    824[0m         [38;5;124m"[39m[38;5;124mExpected file path name or file-like object, [39m[38;5;124m"[39m
[0;32m    825[0m         [38;5;124mf[39m[38;5;124m"[39m[38;5;124mgot [39m[38;5;132;01m{[39;00m[38;5;28mtype[39m(ioargs[38;5;241m.[39mfilepath_or_buffer)[38;5;132;01m}[39;00m[38;5;124m type[39m[38;5;124m"[39m
[0;32m    826[0m     )
[0;32m    828[0m handles[38;5;241m.[39mreverse()  [38;5;66;03m# close the most recently added buffer first[39;00m
[0;32m    829[0m [38;5;28;01mif[39;00m ioargs[38;5;241m.[39mshould_close:

[1;31mTypeError[0m: Expected file path name or file-like object, got <class 'bytes'> type
TypeError: Expected file path name or file-like object, got <class 'bytes'> type

