Traceback (most recent call last):
  File "C:\Users\User\anaconda3\lib\site-packages\jupyter_cache\executors\utils.py", line 51, in single_nb_execution
    executenb(
  File "C:\Users\User\anaconda3\lib\site-packages\nbclient\client.py", line 1204, in execute
    return NotebookClient(nb=nb, resources=resources, km=km, **kwargs).execute()
  File "C:\Users\User\anaconda3\lib\site-packages\nbclient\util.py", line 84, in wrapped
    return just_run(coro(*args, **kwargs))
  File "C:\Users\User\anaconda3\lib\site-packages\nbclient\util.py", line 62, in just_run
    return loop.run_until_complete(coro)
  File "C:\Users\User\anaconda3\lib\asyncio\base_events.py", line 616, in run_until_complete
    return future.result()
  File "C:\Users\User\anaconda3\lib\site-packages\nbclient\client.py", line 663, in async_execute
    await self.async_execute_cell(
  File "C:\Users\User\anaconda3\lib\site-packages\nbclient\client.py", line 965, in async_execute_cell
    await self._check_raise_for_error(cell, cell_index, exec_reply)
  File "C:\Users\User\anaconda3\lib\site-packages\nbclient\client.py", line 862, in _check_raise_for_error
    raise CellExecutionError.from_cell_and_msg(cell, exec_reply_content)
nbclient.exceptions.CellExecutionError: An error occurred while executing the following cell:
------------------
# Check out the documentation for describing the abbreviations
nltk.help.upenn_tagset(tagpattern='NNP')
nltk.help.upenn_tagset(tagpattern='DT')
nltk.help.upenn_tagset(tagpattern='JJ')
------------------

[1;31m---------------------------------------------------------------------------[0m
[1;31mLookupError[0m                               Traceback (most recent call last)
Input [1;32mIn [9][0m, in [0;36m<cell line: 2>[1;34m()[0m
[0;32m      1[0m [38;5;66;03m# Check out the documentation for describing the abbreviations[39;00m
[1;32m----> 2[0m [43mnltk[49m[38;5;241;43m.[39;49m[43mhelp[49m[38;5;241;43m.[39;49m[43mupenn_tagset[49m[43m([49m[43mtagpattern[49m[38;5;241;43m=[39;49m[38;5;124;43m'[39;49m[38;5;124;43mNNP[39;49m[38;5;124;43m'[39;49m[43m)[49m
[0;32m      3[0m nltk[38;5;241m.[39mhelp[38;5;241m.[39mupenn_tagset(tagpattern[38;5;241m=[39m[38;5;124m'[39m[38;5;124mDT[39m[38;5;124m'[39m)
[0;32m      4[0m nltk[38;5;241m.[39mhelp[38;5;241m.[39mupenn_tagset(tagpattern[38;5;241m=[39m[38;5;124m'[39m[38;5;124mJJ[39m[38;5;124m'[39m)

File [1;32m~\anaconda3\lib\site-packages\nltk\help.py:27[0m, in [0;36mupenn_tagset[1;34m(tagpattern)[0m
[0;32m     26[0m [38;5;28;01mdef[39;00m [38;5;21mupenn_tagset[39m(tagpattern[38;5;241m=[39m[38;5;28;01mNone[39;00m):
[1;32m---> 27[0m     [43m_format_tagset[49m[43m([49m[38;5;124;43m"[39;49m[38;5;124;43mupenn_tagset[39;49m[38;5;124;43m"[39;49m[43m,[49m[43m [49m[43mtagpattern[49m[43m)[49m

File [1;32m~\anaconda3\lib\site-packages\nltk\help.py:46[0m, in [0;36m_format_tagset[1;34m(tagset, tagpattern)[0m
[0;32m     45[0m [38;5;28;01mdef[39;00m [38;5;21m_format_tagset[39m(tagset, tagpattern[38;5;241m=[39m[38;5;28;01mNone[39;00m):
[1;32m---> 46[0m     tagdict [38;5;241m=[39m [43mload[49m[43m([49m[38;5;124;43m"[39;49m[38;5;124;43mhelp/tagsets/[39;49m[38;5;124;43m"[39;49m[43m [49m[38;5;241;43m+[39;49m[43m [49m[43mtagset[49m[43m [49m[38;5;241;43m+[39;49m[43m [49m[38;5;124;43m"[39;49m[38;5;124;43m.pickle[39;49m[38;5;124;43m"[39;49m[43m)[49m
[0;32m     47[0m     [38;5;28;01mif[39;00m [38;5;129;01mnot[39;00m tagpattern:
[0;32m     48[0m         _print_entries([38;5;28msorted[39m(tagdict), tagdict)

File [1;32m~\anaconda3\lib\site-packages\nltk\data.py:750[0m, in [0;36mload[1;34m(resource_url, format, cache, verbose, logic_parser, fstruct_reader, encoding)[0m
[0;32m    747[0m     [38;5;28mprint[39m([38;5;124mf[39m[38;5;124m"[39m[38;5;124m<<Loading [39m[38;5;132;01m{[39;00mresource_url[38;5;132;01m}[39;00m[38;5;124m>>[39m[38;5;124m"[39m)
[0;32m    749[0m [38;5;66;03m# Load the resource.[39;00m
[1;32m--> 750[0m opened_resource [38;5;241m=[39m [43m_open[49m[43m([49m[43mresource_url[49m[43m)[49m
[0;32m    752[0m [38;5;28;01mif[39;00m [38;5;28mformat[39m [38;5;241m==[39m [38;5;124m"[39m[38;5;124mraw[39m[38;5;124m"[39m:
[0;32m    753[0m     resource_val [38;5;241m=[39m opened_resource[38;5;241m.[39mread()

File [1;32m~\anaconda3\lib\site-packages\nltk\data.py:876[0m, in [0;36m_open[1;34m(resource_url)[0m
[0;32m    873[0m protocol, path_ [38;5;241m=[39m split_resource_url(resource_url)
[0;32m    875[0m [38;5;28;01mif[39;00m protocol [38;5;129;01mis[39;00m [38;5;28;01mNone[39;00m [38;5;129;01mor[39;00m protocol[38;5;241m.[39mlower() [38;5;241m==[39m [38;5;124m"[39m[38;5;124mnltk[39m[38;5;124m"[39m:
[1;32m--> 876[0m     [38;5;28;01mreturn[39;00m [43mfind[49m[43m([49m[43mpath_[49m[43m,[49m[43m [49m[43mpath[49m[43m [49m[38;5;241;43m+[39;49m[43m [49m[43m[[49m[38;5;124;43m"[39;49m[38;5;124;43m"[39;49m[43m][49m[43m)[49m[38;5;241m.[39mopen()
[0;32m    877[0m [38;5;28;01melif[39;00m protocol[38;5;241m.[39mlower() [38;5;241m==[39m [38;5;124m"[39m[38;5;124mfile[39m[38;5;124m"[39m:
[0;32m    878[0m     [38;5;66;03m# urllib might not use mode='rb', so handle this one ourselves:[39;00m
[0;32m    879[0m     [38;5;28;01mreturn[39;00m find(path_, [[38;5;124m"[39m[38;5;124m"[39m])[38;5;241m.[39mopen()

File [1;32m~\anaconda3\lib\site-packages\nltk\data.py:583[0m, in [0;36mfind[1;34m(resource_name, paths)[0m
[0;32m    581[0m sep [38;5;241m=[39m [38;5;124m"[39m[38;5;124m*[39m[38;5;124m"[39m [38;5;241m*[39m [38;5;241m70[39m
[0;32m    582[0m resource_not_found [38;5;241m=[39m [38;5;124mf[39m[38;5;124m"[39m[38;5;130;01m\n[39;00m[38;5;132;01m{[39;00msep[38;5;132;01m}[39;00m[38;5;130;01m\n[39;00m[38;5;132;01m{[39;00mmsg[38;5;132;01m}[39;00m[38;5;130;01m\n[39;00m[38;5;132;01m{[39;00msep[38;5;132;01m}[39;00m[38;5;130;01m\n[39;00m[38;5;124m"[39m
[1;32m--> 583[0m [38;5;28;01mraise[39;00m [38;5;167;01mLookupError[39;00m(resource_not_found)

[1;31mLookupError[0m: 
**********************************************************************
  Resource [93mtagsets[0m not found.
  Please use the NLTK Downloader to obtain the resource:

  [31m>>> import nltk
  >>> nltk.download('tagsets')
  [0m
  For more information see: https://www.nltk.org/data.html

  Attempted to load [93mhelp/tagsets/upenn_tagset.pickle[0m

  Searched in:
    - 'C:\\Users\\User/nltk_data'
    - 'C:\\Users\\User\\anaconda3\\nltk_data'
    - 'C:\\Users\\User\\anaconda3\\share\\nltk_data'
    - 'C:\\Users\\User\\anaconda3\\lib\\nltk_data'
    - 'C:\\Users\\User\\AppData\\Roaming\\nltk_data'
    - 'C:\\nltk_data'
    - 'D:\\nltk_data'
    - 'E:\\nltk_data'
    - ''
**********************************************************************

LookupError: 
**********************************************************************
  Resource [93mtagsets[0m not found.
  Please use the NLTK Downloader to obtain the resource:

  [31m>>> import nltk
  >>> nltk.download('tagsets')
  [0m
  For more information see: https://www.nltk.org/data.html

  Attempted to load [93mhelp/tagsets/upenn_tagset.pickle[0m

  Searched in:
    - 'C:\\Users\\User/nltk_data'
    - 'C:\\Users\\User\\anaconda3\\nltk_data'
    - 'C:\\Users\\User\\anaconda3\\share\\nltk_data'
    - 'C:\\Users\\User\\anaconda3\\lib\\nltk_data'
    - 'C:\\Users\\User\\AppData\\Roaming\\nltk_data'
    - 'C:\\nltk_data'
    - 'D:\\nltk_data'
    - 'E:\\nltk_data'
    - ''
**********************************************************************


